<?xml version="1.0" encoding="UTF-8"?>
<!-- Generated by org.testng.reporters.JUnitXMLReporter -->
<testsuite ignored="0" hostname="DESKTOP-M0LQVP0" failures="0" tests="4" name="Test" time="9.874" errors="0" timestamp="2024-03-31T12:29:51 IST">
  <testcase classname="com.mystore.testcases.IndexPageTest" name="VerifyLogo" time="1.437"/>
  <testcase classname="com.mystore.testcases.IndexPageTest" name="VerifySearchProduct" time="8.338"/>
  <testcase classname="com.mystore.testcases.IndexPageTest" name="VerifyTitle" time="0.014"/>
  <testcase classname="com.mystore.testcases.IndexPageTest" name="testMethod" time="0.001"/>
</testsuite> <!-- Test -->
