<?xml version="1.0" encoding="UTF-8"?>
<testng-results ignored="0" total="4" passed="4" failed="0" skipped="0">
  <reporter-output>
  </reporter-output>
  <suite started-at="2024-03-31T12:29:41 IST" name="Suite" finished-at="2024-03-31T12:29:51 IST" duration-ms="9874">
    <groups>
      <group name="regression">
        <method signature="IndexPageTest.VerifyLogo()[pri:0, instance:com.mystore.testcases.IndexPageTest@428640fa]" name="VerifyLogo" class="com.mystore.testcases.IndexPageTest"/>
        <method signature="IndexPageTest.VerifySearchProduct()[pri:0, instance:com.mystore.testcases.IndexPageTest@428640fa]" name="VerifySearchProduct" class="com.mystore.testcases.IndexPageTest"/>
      </group> <!-- regression -->
      <group name="smoke">
        <method signature="IndexPageTest.VerifyTitle()[pri:0, instance:com.mystore.testcases.IndexPageTest@428640fa]" name="VerifyTitle" class="com.mystore.testcases.IndexPageTest"/>
      </group> <!-- smoke -->
    </groups>
    <test started-at="2024-03-31T12:29:41 IST" name="Test" finished-at="2024-03-31T12:29:51 IST" duration-ms="9874">
      <class name="com.mystore.testcases.IndexPageTest">
        <test-method is-config="true" signature="BaseClass1()[pri:0, instance:com.mystore.testcases.IndexPageTest@428640fa]" started-at="2024-03-31T12:29:31 IST" name="BaseClass1" finished-at="2024-03-31T12:29:41 IST" duration-ms="10439" status="PASS">
          <reporter-output>
          </reporter-output>
        </test-method> <!-- BaseClass1 -->
        <test-method signature="VerifyLogo()[pri:0, instance:com.mystore.testcases.IndexPageTest@428640fa]" started-at="2024-03-31T12:29:41 IST" name="VerifyLogo" finished-at="2024-03-31T12:29:43 IST" duration-ms="1437" status="PASS">
          <reporter-output>
          </reporter-output>
        </test-method> <!-- VerifyLogo -->
        <test-method signature="VerifySearchProduct()[pri:0, instance:com.mystore.testcases.IndexPageTest@428640fa]" started-at="2024-03-31T12:29:43 IST" name="VerifySearchProduct" finished-at="2024-03-31T12:29:51 IST" duration-ms="8338" status="PASS">
          <reporter-output>
          </reporter-output>
        </test-method> <!-- VerifySearchProduct -->
        <test-method signature="VerifyTitle()[pri:0, instance:com.mystore.testcases.IndexPageTest@428640fa]" started-at="2024-03-31T12:29:51 IST" name="VerifyTitle" finished-at="2024-03-31T12:29:51 IST" duration-ms="14" status="PASS">
          <reporter-output>
          </reporter-output>
        </test-method> <!-- VerifyTitle -->
        <test-method signature="testMethod(java.lang.String)[pri:0, instance:com.mystore.testcases.IndexPageTest@428640fa]" started-at="2024-03-31T12:29:51 IST" name="testMethod" finished-at="2024-03-31T12:29:51 IST" duration-ms="1" status="PASS">
          <params>
            <param index="0">
              <value>
                <![CDATA[TutorialsPoint]]>
              </value>
            </param>
          </params>
          <reporter-output>
          </reporter-output>
        </test-method> <!-- testMethod -->
        <test-method is-config="true" signature="generateReport()[pri:0, instance:com.mystore.testcases.IndexPageTest@428640fa]" started-at="2024-03-31T12:29:51 IST" name="generateReport" finished-at="2024-03-31T12:29:53 IST" duration-ms="1552" status="PASS">
          <reporter-output>
          </reporter-output>
        </test-method> <!-- generateReport -->
      </class> <!-- com.mystore.testcases.IndexPageTest -->
    </test> <!-- Test -->
  </suite> <!-- Suite -->
</testng-results>
